2025-10-23 15:23:45,078 |     INFO | AHA_Machine_Learning_051825_v3.py:611 | ===== Starting Advanced AI Adoption Impact Analysis (Looped Causal) =====
2025-10-23 15:23:46,385 |     INFO | AHA_Machine_Learning_051825_v3.py:111 | ✔ Connected to Postgres database: Research_TEST on localhost
2025-10-23 15:23:46,385 |     INFO | AHA_Machine_Learning_051825_v3.py:118 | 🚀 Starting data fetching and preprocessing...
2025-10-23 15:25:49,736 |     INFO | AHA_Machine_Learning_051825_v3.py:161 | ✔ Successfully fetched 3270 rows and 16 columns.
2025-10-23 15:25:49,737 |     INFO | AHA_Machine_Learning_051825_v3.py:170 | Missing values before any imputation:
2025-10-23 15:25:49,737 |     INFO | AHA_Machine_Learning_051825_v3.py:173 |   - Column 'population': 139 missing (4.3%)
2025-10-23 15:25:49,737 |     INFO | AHA_Machine_Learning_051825_v3.py:173 |   - Column 'crude_rate': 141 missing (4.3%)
2025-10-23 15:25:49,737 |     INFO | AHA_Machine_Learning_051825_v3.py:173 |   - Column 'medicaid_expansion_active': 129 missing (3.9%)
2025-10-23 15:25:49,737 |     INFO | AHA_Machine_Learning_051825_v3.py:173 |   - Column 'physical_environment_score': 129 missing (3.9%)
2025-10-23 15:25:49,737 |     INFO | AHA_Machine_Learning_051825_v3.py:173 |   - Column 'social_economic_factors_score': 129 missing (3.9%)
2025-10-23 15:25:49,737 |     INFO | AHA_Machine_Learning_051825_v3.py:173 |   - Column 'health_outcomes_score': 129 missing (3.9%)
2025-10-23 15:25:49,738 |     INFO | AHA_Machine_Learning_051825_v3.py:173 |   - Column 'clinical_care_score': 129 missing (3.9%)
2025-10-23 15:25:49,738 |     INFO | AHA_Machine_Learning_051825_v3.py:173 |   - Column 'census_division': 137 missing (4.2%)
2025-10-23 15:25:49,739 |     INFO | AHA_Machine_Learning_051825_v3.py:182 | Dropped 142 rows due to NA in FIPS or outcome variables.
2025-10-23 15:25:49,740 |     INFO | AHA_Machine_Learning_051825_v3.py:197 | One-hot encoding 'census_division'.
2025-10-23 15:25:49,741 |     INFO | AHA_Machine_Learning_051825_v3.py:202 | Added 8 dummy columns for census division.
2025-10-23 15:25:49,742 |     INFO | AHA_Machine_Learning_051825_v3.py:221 | Final dataset shape after preprocessing: (3128, 25)
2025-10-23 15:25:49,742 |     INFO | AHA_Machine_Learning_051825_v3.py:226 | ✔ Data fetching and preprocessing complete.
2025-10-23 15:25:49,742 |     INFO | AHA_Machine_Learning_051825_v3.py:629 | Using 13 control variables for modeling: ['log_population', 'hospital_beds_per_capita', 'medicaid_expansion_active', 'physical_environment_score', 'social_economic_factors_score', 'census_div_2', 'census_div_3', 'census_div_4', 'census_div_5', 'census_div_6', 'census_div_7', 'census_div_8', 'census_div_9']
2025-10-23 15:25:49,742 |     INFO | AHA_Machine_Learning_051825_v3.py:230 | 🚀 Starting Feature Importance Analysis...
2025-10-23 15:25:49,742 |     INFO | AHA_Machine_Learning_051825_v3.py:241 | --- Analyzing outcome: All-Cause Mortality Crude Rate (crude_rate) ---
2025-10-23 15:25:49,743 |     INFO | AHA_Machine_Learning_051825_v3.py:277 |   Training RandomForest for All-Cause Mortality Crude Rate...
2025-10-23 15:25:49,927 |     INFO | AHA_Machine_Learning_051825_v3.py:284 |     RandomForest - MSE: 41321.1058, R-squared: 0.5808
2025-10-23 15:25:50,607 |     INFO | AHA_Machine_Learning_051825_v3.py:299 |     Saved feature importance plot to /Users/aaronjohnson/Library/CloudStorage/OneDrive-Personal/Documents/Coursera/Drexel/Dissertation/Code/Python_Code/figs_advanced/feat_imp_crude_rate_RandomForest.png
2025-10-23 15:25:50,607 |     INFO | AHA_Machine_Learning_051825_v3.py:277 |   Training GradientBoosting for All-Cause Mortality Crude Rate...
2025-10-23 15:25:50,928 |     INFO | AHA_Machine_Learning_051825_v3.py:284 |     GradientBoosting - MSE: 40605.7274, R-squared: 0.5880
2025-10-23 15:25:51,072 |     INFO | AHA_Machine_Learning_051825_v3.py:299 |     Saved feature importance plot to /Users/aaronjohnson/Library/CloudStorage/OneDrive-Personal/Documents/Coursera/Drexel/Dissertation/Code/Python_Code/figs_advanced/feat_imp_crude_rate_GradientBoosting.png
2025-10-23 15:25:51,072 |     INFO | AHA_Machine_Learning_051825_v3.py:241 | --- Analyzing outcome: Health Outcomes Index (CHR, ↓ better) (health_outcomes_score) ---
2025-10-23 15:25:51,074 |     INFO | AHA_Machine_Learning_051825_v3.py:277 |   Training RandomForest for Health Outcomes Index (CHR, ↓ better)...
2025-10-23 15:25:51,188 |     INFO | AHA_Machine_Learning_051825_v3.py:284 |     RandomForest - MSE: 954347.2705, R-squared: 0.7048
2025-10-23 15:25:51,371 |     INFO | AHA_Machine_Learning_051825_v3.py:299 |     Saved feature importance plot to /Users/aaronjohnson/Library/CloudStorage/OneDrive-Personal/Documents/Coursera/Drexel/Dissertation/Code/Python_Code/figs_advanced/feat_imp_health_outcomes_score_RandomForest.png
2025-10-23 15:25:51,371 |     INFO | AHA_Machine_Learning_051825_v3.py:277 |   Training GradientBoosting for Health Outcomes Index (CHR, ↓ better)...
2025-10-23 15:25:51,864 |     INFO | AHA_Machine_Learning_051825_v3.py:284 |     GradientBoosting - MSE: 1015180.8209, R-squared: 0.6860
2025-10-23 15:25:52,150 |     INFO | AHA_Machine_Learning_051825_v3.py:299 |     Saved feature importance plot to /Users/aaronjohnson/Library/CloudStorage/OneDrive-Personal/Documents/Coursera/Drexel/Dissertation/Code/Python_Code/figs_advanced/feat_imp_health_outcomes_score_GradientBoosting.png
2025-10-23 15:25:52,150 |     INFO | AHA_Machine_Learning_051825_v3.py:241 | --- Analyzing outcome: Clinical Care Index (CHR, ↓ better) (clinical_care_score) ---
2025-10-23 15:25:52,153 |     INFO | AHA_Machine_Learning_051825_v3.py:277 |   Training RandomForest for Clinical Care Index (CHR, ↓ better)...
2025-10-23 15:25:52,339 |     INFO | AHA_Machine_Learning_051825_v3.py:284 |     RandomForest - MSE: 189780.1928, R-squared: 0.4094
2025-10-23 15:25:52,566 |     INFO | AHA_Machine_Learning_051825_v3.py:299 |     Saved feature importance plot to /Users/aaronjohnson/Library/CloudStorage/OneDrive-Personal/Documents/Coursera/Drexel/Dissertation/Code/Python_Code/figs_advanced/feat_imp_clinical_care_score_RandomForest.png
2025-10-23 15:25:52,566 |     INFO | AHA_Machine_Learning_051825_v3.py:277 |   Training GradientBoosting for Clinical Care Index (CHR, ↓ better)...
2025-10-23 15:25:53,054 |     INFO | AHA_Machine_Learning_051825_v3.py:284 |     GradientBoosting - MSE: 178343.9848, R-squared: 0.4450
2025-10-23 15:25:53,303 |     INFO | AHA_Machine_Learning_051825_v3.py:299 |     Saved feature importance plot to /Users/aaronjohnson/Library/CloudStorage/OneDrive-Personal/Documents/Coursera/Drexel/Dissertation/Code/Python_Code/figs_advanced/feat_imp_clinical_care_score_GradientBoosting.png
2025-10-23 15:25:53,331 |     INFO | AHA_Machine_Learning_051825_v3.py:320 | ✔ Saved AI feature importance summary to /Users/aaronjohnson/Library/CloudStorage/OneDrive-Personal/Documents/Coursera/Drexel/Dissertation/Code/Python_Code/output_advanced/ai_feature_importances_summary.csv
2025-10-23 15:25:53,331 |     INFO | AHA_Machine_Learning_051825_v3.py:326 | ✔ Feature Importance Analysis complete.
2025-10-23 15:25:53,333 |     INFO | AHA_Machine_Learning_051825_v3.py:640 | ML feature importance analysis produced results.
2025-10-23 15:25:53,333 |     INFO | AHA_Machine_Learning_051825_v3.py:645 | 
===== Starting Looped Causal Inference for Outcome: health_outcomes_score =====
2025-10-23 15:25:53,333 |     INFO | AHA_Machine_Learning_051825_v3.py:653 | 
--- Processing Causal Analysis for Treatment: pct_wfaipsn_enabled_beds ---
2025-10-23 15:25:53,334 |     INFO | AHA_Machine_Learning_051825_v3.py:413 | 🚀 Starting Causal Inference Analysis for Treatment: 'pct_wfaipsn_enabled_beds', Outcome: 'health_outcomes_score'
2025-10-23 15:25:53,335 |     INFO | AHA_Machine_Learning_051825_v3.py:428 | Defined treatment based on 'pct_wfaipsn_enabled_beds' > median (0.00).
2025-10-23 15:25:53,335 |     INFO | AHA_Machine_Learning_051825_v3.py:438 | Treatment groups: Treated=318, Control=2810
2025-10-23 15:25:53,335 |     INFO | AHA_Machine_Learning_051825_v3.py:448 | Preparing confounders for Logit model: ['log_population', 'hospital_beds_per_capita', 'medicaid_expansion_active', 'physical_environment_score', 'social_economic_factors_score', 'census_div_2', 'census_div_3', 'census_div_4', 'census_div_5', 'census_div_6', 'census_div_7', 'census_div_8', 'census_div_9']
2025-10-23 15:25:53,337 |     INFO | AHA_Machine_Learning_051825_v3.py:460 | Confounder dtypes BEFORE sm.add_constant:
2025-10-23 15:25:53,338 |     INFO | AHA_Machine_Learning_051825_v3.py:461 |   - log_population: float64
2025-10-23 15:25:53,338 |     INFO | AHA_Machine_Learning_051825_v3.py:461 |   - hospital_beds_per_capita: float64
2025-10-23 15:25:53,338 |     INFO | AHA_Machine_Learning_051825_v3.py:461 |   - medicaid_expansion_active: float64
2025-10-23 15:25:53,338 |     INFO | AHA_Machine_Learning_051825_v3.py:461 |   - physical_environment_score: float64
2025-10-23 15:25:53,338 |     INFO | AHA_Machine_Learning_051825_v3.py:461 |   - social_economic_factors_score: float64
2025-10-23 15:25:53,338 |     INFO | AHA_Machine_Learning_051825_v3.py:461 |   - census_div_2: int64
2025-10-23 15:25:53,338 |     INFO | AHA_Machine_Learning_051825_v3.py:461 |   - census_div_3: int64
2025-10-23 15:25:53,338 |     INFO | AHA_Machine_Learning_051825_v3.py:461 |   - census_div_4: int64
2025-10-23 15:25:53,338 |     INFO | AHA_Machine_Learning_051825_v3.py:461 |   - census_div_5: int64
2025-10-23 15:25:53,338 |     INFO | AHA_Machine_Learning_051825_v3.py:461 |   - census_div_6: int64
2025-10-23 15:25:53,338 |     INFO | AHA_Machine_Learning_051825_v3.py:461 |   - census_div_7: int64
2025-10-23 15:25:53,338 |     INFO | AHA_Machine_Learning_051825_v3.py:461 |   - census_div_8: int64
2025-10-23 15:25:53,338 |     INFO | AHA_Machine_Learning_051825_v3.py:461 |   - census_div_9: int64
2025-10-23 15:25:53,341 |     INFO | AHA_Machine_Learning_051825_v3.py:465 | X_confounders_for_logit dtypes AFTER sm.add_constant (input to Logit):
2025-10-23 15:25:53,341 |     INFO | AHA_Machine_Learning_051825_v3.py:467 |   - const: float64
2025-10-23 15:25:53,341 |     INFO | AHA_Machine_Learning_051825_v3.py:467 |   - log_population: float64
2025-10-23 15:25:53,341 |     INFO | AHA_Machine_Learning_051825_v3.py:467 |   - hospital_beds_per_capita: float64
2025-10-23 15:25:53,341 |     INFO | AHA_Machine_Learning_051825_v3.py:467 |   - medicaid_expansion_active: float64
2025-10-23 15:25:53,341 |     INFO | AHA_Machine_Learning_051825_v3.py:467 |   - physical_environment_score: float64
2025-10-23 15:25:53,341 |     INFO | AHA_Machine_Learning_051825_v3.py:467 |   - social_economic_factors_score: float64
2025-10-23 15:25:53,341 |     INFO | AHA_Machine_Learning_051825_v3.py:467 |   - census_div_2: int64
2025-10-23 15:25:53,341 |     INFO | AHA_Machine_Learning_051825_v3.py:467 |   - census_div_3: int64
2025-10-23 15:25:53,341 |     INFO | AHA_Machine_Learning_051825_v3.py:467 |   - census_div_4: int64
2025-10-23 15:25:53,341 |     INFO | AHA_Machine_Learning_051825_v3.py:467 |   - census_div_5: int64
2025-10-23 15:25:53,342 |     INFO | AHA_Machine_Learning_051825_v3.py:467 |   - census_div_6: int64
2025-10-23 15:25:53,342 |     INFO | AHA_Machine_Learning_051825_v3.py:467 |   - census_div_7: int64
2025-10-23 15:25:53,342 |     INFO | AHA_Machine_Learning_051825_v3.py:467 |   - census_div_8: int64
2025-10-23 15:25:53,342 |     INFO | AHA_Machine_Learning_051825_v3.py:467 |   - census_div_9: int64
2025-10-23 15:25:53,348 |     INFO | AHA_Machine_Learning_051825_v3.py:487 | Successfully estimated propensity scores.
2025-10-23 15:25:53,367 |     INFO | AHA_Machine_Learning_051825_v3.py:488 | Propensity score model summary for pct_wfaipsn_enabled_beds:
                                 Results: Logit
=================================================================================
Model:                   Logit                 Method:                MLE        
Dependent Variable:      TREATMENT             Pseudo R-squared:      0.277      
Date:                    2025-10-23 15:25      AIC:                   1514.3400  
No. Observations:        3128                  BIC:                   1599.0141  
Df Model:                13                    Log-Likelihood:        -743.17    
Df Residuals:            3114                  LL-Null:               -1028.2    
Converged:               1.0000                LLR p-value:           1.7712e-113
No. Iterations:          8.0000                Scale:                 1.0000     
---------------------------------------------------------------------------------
                               Coef.   Std.Err.    z     P>|z|   [0.025   0.975] 
---------------------------------------------------------------------------------
const                         -15.4878   1.0015 -15.4641 0.0000 -17.4508 -13.5248
log_population                  0.9996   0.0595  16.7883 0.0000   0.8829   1.1163
hospital_beds_per_capita        0.2659   0.0915   2.9073 0.0036   0.0866   0.4452
medicaid_expansion_active       0.0875   0.1720   0.5091 0.6107  -0.2495   0.4246
physical_environment_score      0.1922   0.1895   1.0142 0.3105  -0.1792   0.5636
social_economic_factors_score   0.0197   0.0213   0.9232 0.3559  -0.0221   0.0614
census_div_2                   -0.3414   0.4228  -0.8075 0.4194  -1.1700   0.4872
census_div_3                   -0.8303   0.4111  -2.0199 0.0434  -1.6359  -0.0246
census_div_4                   -0.3219   0.4054  -0.7940 0.4272  -1.1164   0.4727
census_div_5                   -1.8400   0.5382  -3.4184 0.0006  -2.8949  -0.7850
census_div_6                    0.1046   0.4171   0.2507 0.8021  -0.7129   0.9220
census_div_7                   -0.3740   0.4375  -0.8550 0.3926  -1.2315   0.4834
census_div_8                    0.6376   0.4140   1.5401 0.1235  -0.1738   1.4489
census_div_9                   -0.6859   0.4443  -1.5437 0.1227  -1.5568   0.1850
=================================================================================

2025-10-23 15:25:53,593 |     INFO | AHA_Machine_Learning_051825_v3.py:499 | Saved propensity score distribution plot to /Users/aaronjohnson/Library/CloudStorage/OneDrive-Personal/Documents/Coursera/Drexel/Dissertation/Code/Python_Code/figs_advanced/ps_dist_pct_wfaipsn_enabled_beds_health_outcomes_score.png
2025-10-23 15:25:53,595 |     INFO | AHA_Machine_Learning_051825_v3.py:502 | Trimmed to common support (PS 0.01-0.99). Original N: 3128, Trimmed N: 2671
2025-10-23 15:25:53,600 |     INFO | AHA_Machine_Learning_051825_v3.py:544 | IPTW ATE for pct_wfaipsn_enabled_beds: -107.0876 (SE: 54.8075), 95% CI: [-214.5571, 0.3820]
2025-10-23 15:25:53,826 |     INFO | AHA_Machine_Learning_051825_v3.py:565 | Saved SMD balance plot to /Users/aaronjohnson/Library/CloudStorage/OneDrive-Personal/Documents/Coursera/Drexel/Dissertation/Code/Python_Code/figs_advanced/smd_balance_pct_wfaipsn_enabled_beds_health_outcomes_score.png
2025-10-23 15:25:53,941 |     INFO | AHA_Machine_Learning_051825_v3.py:585 | Saved ATE estimates plot to /Users/aaronjohnson/Library/CloudStorage/OneDrive-Personal/Documents/Coursera/Drexel/Dissertation/Code/Python_Code/figs_advanced/ate_estimates_pct_wfaipsn_enabled_beds_health_outcomes_score.png
2025-10-23 15:25:53,941 |     INFO | AHA_Machine_Learning_051825_v3.py:602 | ✔ Causal Inference Analysis complete for pct_wfaipsn_enabled_beds.
2025-10-23 15:25:53,942 |     INFO | AHA_Machine_Learning_051825_v3.py:653 | 
--- Processing Causal Analysis for Treatment: pct_wfaippd_enabled_beds ---
2025-10-23 15:25:53,942 |     INFO | AHA_Machine_Learning_051825_v3.py:413 | 🚀 Starting Causal Inference Analysis for Treatment: 'pct_wfaippd_enabled_beds', Outcome: 'health_outcomes_score'
2025-10-23 15:25:53,943 |     INFO | AHA_Machine_Learning_051825_v3.py:428 | Defined treatment based on 'pct_wfaippd_enabled_beds' > median (0.00).
2025-10-23 15:25:53,944 |     INFO | AHA_Machine_Learning_051825_v3.py:438 | Treatment groups: Treated=337, Control=2791
2025-10-23 15:25:53,944 |     INFO | AHA_Machine_Learning_051825_v3.py:448 | Preparing confounders for Logit model: ['log_population', 'hospital_beds_per_capita', 'medicaid_expansion_active', 'physical_environment_score', 'social_economic_factors_score', 'census_div_2', 'census_div_3', 'census_div_4', 'census_div_5', 'census_div_6', 'census_div_7', 'census_div_8', 'census_div_9']
2025-10-23 15:25:53,947 |     INFO | AHA_Machine_Learning_051825_v3.py:460 | Confounder dtypes BEFORE sm.add_constant:
2025-10-23 15:25:53,947 |     INFO | AHA_Machine_Learning_051825_v3.py:461 |   - log_population: float64
2025-10-23 15:25:53,947 |     INFO | AHA_Machine_Learning_051825_v3.py:461 |   - hospital_beds_per_capita: float64
2025-10-23 15:25:53,948 |     INFO | AHA_Machine_Learning_051825_v3.py:461 |   - medicaid_expansion_active: float64
2025-10-23 15:25:53,948 |     INFO | AHA_Machine_Learning_051825_v3.py:461 |   - physical_environment_score: float64
2025-10-23 15:25:53,948 |     INFO | AHA_Machine_Learning_051825_v3.py:461 |   - social_economic_factors_score: float64
2025-10-23 15:25:53,948 |     INFO | AHA_Machine_Learning_051825_v3.py:461 |   - census_div_2: int64
2025-10-23 15:25:53,948 |     INFO | AHA_Machine_Learning_051825_v3.py:461 |   - census_div_3: int64
2025-10-23 15:25:53,948 |     INFO | AHA_Machine_Learning_051825_v3.py:461 |   - census_div_4: int64
2025-10-23 15:25:53,948 |     INFO | AHA_Machine_Learning_051825_v3.py:461 |   - census_div_5: int64
2025-10-23 15:25:53,948 |     INFO | AHA_Machine_Learning_051825_v3.py:461 |   - census_div_6: int64
2025-10-23 15:25:53,948 |     INFO | AHA_Machine_Learning_051825_v3.py:461 |   - census_div_7: int64
2025-10-23 15:25:53,948 |     INFO | AHA_Machine_Learning_051825_v3.py:461 |   - census_div_8: int64
2025-10-23 15:25:53,948 |     INFO | AHA_Machine_Learning_051825_v3.py:461 |   - census_div_9: int64
2025-10-23 15:25:53,951 |     INFO | AHA_Machine_Learning_051825_v3.py:465 | X_confounders_for_logit dtypes AFTER sm.add_constant (input to Logit):
2025-10-23 15:25:53,952 |     INFO | AHA_Machine_Learning_051825_v3.py:467 |   - const: float64
2025-10-23 15:25:53,952 |     INFO | AHA_Machine_Learning_051825_v3.py:467 |   - log_population: float64
2025-10-23 15:25:53,952 |     INFO | AHA_Machine_Learning_051825_v3.py:467 |   - hospital_beds_per_capita: float64
2025-10-23 15:25:53,952 |     INFO | AHA_Machine_Learning_051825_v3.py:467 |   - medicaid_expansion_active: float64
2025-10-23 15:25:53,952 |     INFO | AHA_Machine_Learning_051825_v3.py:467 |   - physical_environment_score: float64
2025-10-23 15:25:53,952 |     INFO | AHA_Machine_Learning_051825_v3.py:467 |   - social_economic_factors_score: float64
2025-10-23 15:25:53,952 |     INFO | AHA_Machine_Learning_051825_v3.py:467 |   - census_div_2: int64
2025-10-23 15:25:53,952 |     INFO | AHA_Machine_Learning_051825_v3.py:467 |   - census_div_3: int64
2025-10-23 15:25:53,952 |     INFO | AHA_Machine_Learning_051825_v3.py:467 |   - census_div_4: int64
2025-10-23 15:25:53,952 |     INFO | AHA_Machine_Learning_051825_v3.py:467 |   - census_div_5: int64
2025-10-23 15:25:53,952 |     INFO | AHA_Machine_Learning_051825_v3.py:467 |   - census_div_6: int64
2025-10-23 15:25:53,952 |     INFO | AHA_Machine_Learning_051825_v3.py:467 |   - census_div_7: int64
2025-10-23 15:25:53,952 |     INFO | AHA_Machine_Learning_051825_v3.py:467 |   - census_div_8: int64
2025-10-23 15:25:53,953 |     INFO | AHA_Machine_Learning_051825_v3.py:467 |   - census_div_9: int64
2025-10-23 15:25:53,960 |     INFO | AHA_Machine_Learning_051825_v3.py:487 | Successfully estimated propensity scores.
2025-10-23 15:25:53,980 |     INFO | AHA_Machine_Learning_051825_v3.py:488 | Propensity score model summary for pct_wfaippd_enabled_beds:
                                 Results: Logit
=================================================================================
Model:                   Logit                 Method:                MLE        
Dependent Variable:      TREATMENT             Pseudo R-squared:      0.281      
Date:                    2025-10-23 15:25      AIC:                   1565.9089  
No. Observations:        3128                  BIC:                   1650.5830  
Df Model:                13                    Log-Likelihood:        -768.95    
Df Residuals:            3114                  LL-Null:               -1069.0    
Converged:               1.0000                LLR p-value:           7.2230e-120
No. Iterations:          8.0000                Scale:                 1.0000     
---------------------------------------------------------------------------------
                               Coef.   Std.Err.    z     P>|z|   [0.025   0.975] 
---------------------------------------------------------------------------------
const                         -15.2063   0.9827 -15.4742 0.0000 -17.1323 -13.2802
log_population                  1.0232   0.0591  17.3132 0.0000   0.9074   1.1390
hospital_beds_per_capita        0.3159   0.0869   3.6368 0.0003   0.1457   0.4862
medicaid_expansion_active       0.3917   0.1666   2.3505 0.0187   0.0651   0.7183
physical_environment_score     -0.0758   0.1865  -0.4064 0.6844  -0.4414   0.2898
social_economic_factors_score  -0.0032   0.0212  -0.1497 0.8810  -0.0447   0.0383
census_div_2                   -0.3829   0.4178  -0.9165 0.3594  -1.2018   0.4360
census_div_3                   -0.5125   0.3999  -1.2814 0.2000  -1.2963   0.2714
census_div_4                   -0.0723   0.3964  -0.1824 0.8553  -0.8492   0.7047
census_div_5                   -1.7130   0.5474  -3.1296 0.0018  -2.7858  -0.6402
census_div_6                    0.3802   0.4051   0.9387 0.3479  -0.4137   1.1741
census_div_7                    0.0443   0.4269   0.1039 0.9173  -0.7924   0.8811
census_div_8                    0.4029   0.4113   0.9795 0.3273  -0.4033   1.2091
census_div_9                   -0.7225   0.4388  -1.6465 0.0997  -1.5825   0.1375
=================================================================================

2025-10-23 15:25:54,218 |     INFO | AHA_Machine_Learning_051825_v3.py:499 | Saved propensity score distribution plot to /Users/aaronjohnson/Library/CloudStorage/OneDrive-Personal/Documents/Coursera/Drexel/Dissertation/Code/Python_Code/figs_advanced/ps_dist_pct_wfaippd_enabled_beds_health_outcomes_score.png
2025-10-23 15:25:54,220 |     INFO | AHA_Machine_Learning_051825_v3.py:502 | Trimmed to common support (PS 0.01-0.99). Original N: 3128, Trimmed N: 2664
2025-10-23 15:25:54,226 |     INFO | AHA_Machine_Learning_051825_v3.py:544 | IPTW ATE for pct_wfaippd_enabled_beds: -193.7205 (SE: 55.0246), 95% CI: [-301.6158, -85.8252]
2025-10-23 15:25:54,494 |     INFO | AHA_Machine_Learning_051825_v3.py:565 | Saved SMD balance plot to /Users/aaronjohnson/Library/CloudStorage/OneDrive-Personal/Documents/Coursera/Drexel/Dissertation/Code/Python_Code/figs_advanced/smd_balance_pct_wfaippd_enabled_beds_health_outcomes_score.png
2025-10-23 15:25:54,607 |     INFO | AHA_Machine_Learning_051825_v3.py:585 | Saved ATE estimates plot to /Users/aaronjohnson/Library/CloudStorage/OneDrive-Personal/Documents/Coursera/Drexel/Dissertation/Code/Python_Code/figs_advanced/ate_estimates_pct_wfaippd_enabled_beds_health_outcomes_score.png
2025-10-23 15:25:54,607 |     INFO | AHA_Machine_Learning_051825_v3.py:602 | ✔ Causal Inference Analysis complete for pct_wfaippd_enabled_beds.
2025-10-23 15:25:54,608 |     INFO | AHA_Machine_Learning_051825_v3.py:653 | 
--- Processing Causal Analysis for Treatment: pct_wfaiss_enabled_beds ---
2025-10-23 15:25:54,608 |     INFO | AHA_Machine_Learning_051825_v3.py:413 | 🚀 Starting Causal Inference Analysis for Treatment: 'pct_wfaiss_enabled_beds', Outcome: 'health_outcomes_score'
2025-10-23 15:25:54,609 |     INFO | AHA_Machine_Learning_051825_v3.py:428 | Defined treatment based on 'pct_wfaiss_enabled_beds' > median (0.00).
2025-10-23 15:25:54,610 |     INFO | AHA_Machine_Learning_051825_v3.py:438 | Treatment groups: Treated=299, Control=2829
2025-10-23 15:25:54,610 |     INFO | AHA_Machine_Learning_051825_v3.py:448 | Preparing confounders for Logit model: ['log_population', 'hospital_beds_per_capita', 'medicaid_expansion_active', 'physical_environment_score', 'social_economic_factors_score', 'census_div_2', 'census_div_3', 'census_div_4', 'census_div_5', 'census_div_6', 'census_div_7', 'census_div_8', 'census_div_9']
2025-10-23 15:25:54,613 |     INFO | AHA_Machine_Learning_051825_v3.py:460 | Confounder dtypes BEFORE sm.add_constant:
2025-10-23 15:25:54,613 |     INFO | AHA_Machine_Learning_051825_v3.py:461 |   - log_population: float64
2025-10-23 15:25:54,613 |     INFO | AHA_Machine_Learning_051825_v3.py:461 |   - hospital_beds_per_capita: float64
2025-10-23 15:25:54,614 |     INFO | AHA_Machine_Learning_051825_v3.py:461 |   - medicaid_expansion_active: float64
2025-10-23 15:25:54,614 |     INFO | AHA_Machine_Learning_051825_v3.py:461 |   - physical_environment_score: float64
2025-10-23 15:25:54,614 |     INFO | AHA_Machine_Learning_051825_v3.py:461 |   - social_economic_factors_score: float64
2025-10-23 15:25:54,614 |     INFO | AHA_Machine_Learning_051825_v3.py:461 |   - census_div_2: int64
2025-10-23 15:25:54,614 |     INFO | AHA_Machine_Learning_051825_v3.py:461 |   - census_div_3: int64
2025-10-23 15:25:54,614 |     INFO | AHA_Machine_Learning_051825_v3.py:461 |   - census_div_4: int64
2025-10-23 15:25:54,614 |     INFO | AHA_Machine_Learning_051825_v3.py:461 |   - census_div_5: int64
2025-10-23 15:25:54,614 |     INFO | AHA_Machine_Learning_051825_v3.py:461 |   - census_div_6: int64
2025-10-23 15:25:54,614 |     INFO | AHA_Machine_Learning_051825_v3.py:461 |   - census_div_7: int64
2025-10-23 15:25:54,614 |     INFO | AHA_Machine_Learning_051825_v3.py:461 |   - census_div_8: int64
2025-10-23 15:25:54,614 |     INFO | AHA_Machine_Learning_051825_v3.py:461 |   - census_div_9: int64
2025-10-23 15:25:54,618 |     INFO | AHA_Machine_Learning_051825_v3.py:465 | X_confounders_for_logit dtypes AFTER sm.add_constant (input to Logit):
2025-10-23 15:25:54,618 |     INFO | AHA_Machine_Learning_051825_v3.py:467 |   - const: float64
2025-10-23 15:25:54,618 |     INFO | AHA_Machine_Learning_051825_v3.py:467 |   - log_population: float64
2025-10-23 15:25:54,618 |     INFO | AHA_Machine_Learning_051825_v3.py:467 |   - hospital_beds_per_capita: float64
2025-10-23 15:25:54,618 |     INFO | AHA_Machine_Learning_051825_v3.py:467 |   - medicaid_expansion_active: float64
2025-10-23 15:25:54,618 |     INFO | AHA_Machine_Learning_051825_v3.py:467 |   - physical_environment_score: float64
2025-10-23 15:25:54,618 |     INFO | AHA_Machine_Learning_051825_v3.py:467 |   - social_economic_factors_score: float64
2025-10-23 15:25:54,618 |     INFO | AHA_Machine_Learning_051825_v3.py:467 |   - census_div_2: int64
2025-10-23 15:25:54,619 |     INFO | AHA_Machine_Learning_051825_v3.py:467 |   - census_div_3: int64
2025-10-23 15:25:54,619 |     INFO | AHA_Machine_Learning_051825_v3.py:467 |   - census_div_4: int64
2025-10-23 15:25:54,619 |     INFO | AHA_Machine_Learning_051825_v3.py:467 |   - census_div_5: int64
2025-10-23 15:25:54,619 |     INFO | AHA_Machine_Learning_051825_v3.py:467 |   - census_div_6: int64
2025-10-23 15:25:54,619 |     INFO | AHA_Machine_Learning_051825_v3.py:467 |   - census_div_7: int64
2025-10-23 15:25:54,619 |     INFO | AHA_Machine_Learning_051825_v3.py:467 |   - census_div_8: int64
2025-10-23 15:25:54,619 |     INFO | AHA_Machine_Learning_051825_v3.py:467 |   - census_div_9: int64
2025-10-23 15:25:54,625 |     INFO | AHA_Machine_Learning_051825_v3.py:487 | Successfully estimated propensity scores.
2025-10-23 15:25:54,646 |     INFO | AHA_Machine_Learning_051825_v3.py:488 | Propensity score model summary for pct_wfaiss_enabled_beds:
                                 Results: Logit
=================================================================================
Model:                    Logit                 Method:                MLE       
Dependent Variable:       TREATMENT             Pseudo R-squared:      0.235     
Date:                     2025-10-23 15:25      AIC:                   1536.3153 
No. Observations:         3128                  BIC:                   1620.9894 
Df Model:                 13                    Log-Likelihood:        -754.16   
Df Residuals:             3114                  LL-Null:               -986.20   
Converged:                1.0000                LLR p-value:           6.1540e-91
No. Iterations:           8.0000                Scale:                 1.0000    
---------------------------------------------------------------------------------
                               Coef.   Std.Err.    z     P>|z|   [0.025   0.975] 
---------------------------------------------------------------------------------
const                         -13.4714   0.9706 -13.8797 0.0000 -15.3737 -11.5691
log_population                  0.8641   0.0572  15.1100 0.0000   0.7520   0.9762
hospital_beds_per_capita        0.3060   0.0867   3.5284 0.0004   0.1360   0.4760
medicaid_expansion_active       0.1596   0.1716   0.9296 0.3526  -0.1769   0.4960
physical_environment_score      0.2080   0.1894   1.0982 0.2721  -0.1632   0.5793
social_economic_factors_score  -0.0107   0.0218  -0.4923 0.6225  -0.0534   0.0320
census_div_2                   -0.2808   0.4212  -0.6667 0.5049  -1.1063   0.5447
census_div_3                   -0.7011   0.4102  -1.7092 0.0874  -1.5051   0.1029
census_div_4                   -0.4018   0.4069  -0.9873 0.3235  -1.1994   0.3958
census_div_5                   -1.3702   0.5023  -2.7280 0.0064  -2.3547  -0.3858
census_div_6                   -0.1510   0.4204  -0.3592 0.7195  -0.9749   0.6730
census_div_7                   -0.2580   0.4349  -0.5932 0.5530  -1.1103   0.5944
census_div_8                    0.3547   0.4184   0.8479 0.3965  -0.4653   1.1747
census_div_9                   -0.6814   0.4451  -1.5308 0.1258  -1.5539   0.1911
=================================================================================

2025-10-23 15:25:54,907 |     INFO | AHA_Machine_Learning_051825_v3.py:499 | Saved propensity score distribution plot to /Users/aaronjohnson/Library/CloudStorage/OneDrive-Personal/Documents/Coursera/Drexel/Dissertation/Code/Python_Code/figs_advanced/ps_dist_pct_wfaiss_enabled_beds_health_outcomes_score.png
2025-10-23 15:25:54,909 |     INFO | AHA_Machine_Learning_051825_v3.py:502 | Trimmed to common support (PS 0.01-0.99). Original N: 3128, Trimmed N: 2837
2025-10-23 15:25:54,916 |     INFO | AHA_Machine_Learning_051825_v3.py:544 | IPTW ATE for pct_wfaiss_enabled_beds: -194.5638 (SE: 53.2751), 95% CI: [-299.0257, -90.1019]
2025-10-23 15:25:55,360 |     INFO | AHA_Machine_Learning_051825_v3.py:565 | Saved SMD balance plot to /Users/aaronjohnson/Library/CloudStorage/OneDrive-Personal/Documents/Coursera/Drexel/Dissertation/Code/Python_Code/figs_advanced/smd_balance_pct_wfaiss_enabled_beds_health_outcomes_score.png
2025-10-23 15:25:55,464 |     INFO | AHA_Machine_Learning_051825_v3.py:585 | Saved ATE estimates plot to /Users/aaronjohnson/Library/CloudStorage/OneDrive-Personal/Documents/Coursera/Drexel/Dissertation/Code/Python_Code/figs_advanced/ate_estimates_pct_wfaiss_enabled_beds_health_outcomes_score.png
2025-10-23 15:25:55,465 |     INFO | AHA_Machine_Learning_051825_v3.py:602 | ✔ Causal Inference Analysis complete for pct_wfaiss_enabled_beds.
2025-10-23 15:25:55,465 |     INFO | AHA_Machine_Learning_051825_v3.py:653 | 
--- Processing Causal Analysis for Treatment: pct_wfaiart_enabled_beds ---
2025-10-23 15:25:55,466 |     INFO | AHA_Machine_Learning_051825_v3.py:413 | 🚀 Starting Causal Inference Analysis for Treatment: 'pct_wfaiart_enabled_beds', Outcome: 'health_outcomes_score'
2025-10-23 15:25:55,467 |     INFO | AHA_Machine_Learning_051825_v3.py:428 | Defined treatment based on 'pct_wfaiart_enabled_beds' > median (0.00).
2025-10-23 15:25:55,467 |     INFO | AHA_Machine_Learning_051825_v3.py:438 | Treatment groups: Treated=417, Control=2711
2025-10-23 15:25:55,467 |     INFO | AHA_Machine_Learning_051825_v3.py:448 | Preparing confounders for Logit model: ['log_population', 'hospital_beds_per_capita', 'medicaid_expansion_active', 'physical_environment_score', 'social_economic_factors_score', 'census_div_2', 'census_div_3', 'census_div_4', 'census_div_5', 'census_div_6', 'census_div_7', 'census_div_8', 'census_div_9']
2025-10-23 15:25:55,471 |     INFO | AHA_Machine_Learning_051825_v3.py:460 | Confounder dtypes BEFORE sm.add_constant:
2025-10-23 15:25:55,471 |     INFO | AHA_Machine_Learning_051825_v3.py:461 |   - log_population: float64
2025-10-23 15:25:55,472 |     INFO | AHA_Machine_Learning_051825_v3.py:461 |   - hospital_beds_per_capita: float64
2025-10-23 15:25:55,472 |     INFO | AHA_Machine_Learning_051825_v3.py:461 |   - medicaid_expansion_active: float64
2025-10-23 15:25:55,472 |     INFO | AHA_Machine_Learning_051825_v3.py:461 |   - physical_environment_score: float64
2025-10-23 15:25:55,472 |     INFO | AHA_Machine_Learning_051825_v3.py:461 |   - social_economic_factors_score: float64
2025-10-23 15:25:55,472 |     INFO | AHA_Machine_Learning_051825_v3.py:461 |   - census_div_2: int64
2025-10-23 15:25:55,472 |     INFO | AHA_Machine_Learning_051825_v3.py:461 |   - census_div_3: int64
2025-10-23 15:25:55,472 |     INFO | AHA_Machine_Learning_051825_v3.py:461 |   - census_div_4: int64
2025-10-23 15:25:55,472 |     INFO | AHA_Machine_Learning_051825_v3.py:461 |   - census_div_5: int64
2025-10-23 15:25:55,472 |     INFO | AHA_Machine_Learning_051825_v3.py:461 |   - census_div_6: int64
2025-10-23 15:25:55,472 |     INFO | AHA_Machine_Learning_051825_v3.py:461 |   - census_div_7: int64
2025-10-23 15:25:55,472 |     INFO | AHA_Machine_Learning_051825_v3.py:461 |   - census_div_8: int64
2025-10-23 15:25:55,472 |     INFO | AHA_Machine_Learning_051825_v3.py:461 |   - census_div_9: int64
2025-10-23 15:25:55,476 |     INFO | AHA_Machine_Learning_051825_v3.py:465 | X_confounders_for_logit dtypes AFTER sm.add_constant (input to Logit):
2025-10-23 15:25:55,476 |     INFO | AHA_Machine_Learning_051825_v3.py:467 |   - const: float64
2025-10-23 15:25:55,476 |     INFO | AHA_Machine_Learning_051825_v3.py:467 |   - log_population: float64
2025-10-23 15:25:55,477 |     INFO | AHA_Machine_Learning_051825_v3.py:467 |   - hospital_beds_per_capita: float64
2025-10-23 15:25:55,477 |     INFO | AHA_Machine_Learning_051825_v3.py:467 |   - medicaid_expansion_active: float64
2025-10-23 15:25:55,477 |     INFO | AHA_Machine_Learning_051825_v3.py:467 |   - physical_environment_score: float64
2025-10-23 15:25:55,477 |     INFO | AHA_Machine_Learning_051825_v3.py:467 |   - social_economic_factors_score: float64
2025-10-23 15:25:55,477 |     INFO | AHA_Machine_Learning_051825_v3.py:467 |   - census_div_2: int64
2025-10-23 15:25:55,478 |     INFO | AHA_Machine_Learning_051825_v3.py:467 |   - census_div_3: int64
2025-10-23 15:25:55,478 |     INFO | AHA_Machine_Learning_051825_v3.py:467 |   - census_div_4: int64
2025-10-23 15:25:55,478 |     INFO | AHA_Machine_Learning_051825_v3.py:467 |   - census_div_5: int64
2025-10-23 15:25:55,478 |     INFO | AHA_Machine_Learning_051825_v3.py:467 |   - census_div_6: int64
2025-10-23 15:25:55,479 |     INFO | AHA_Machine_Learning_051825_v3.py:467 |   - census_div_7: int64
2025-10-23 15:25:55,479 |     INFO | AHA_Machine_Learning_051825_v3.py:467 |   - census_div_8: int64
2025-10-23 15:25:55,479 |     INFO | AHA_Machine_Learning_051825_v3.py:467 |   - census_div_9: int64
2025-10-23 15:25:55,486 |     INFO | AHA_Machine_Learning_051825_v3.py:487 | Successfully estimated propensity scores.
2025-10-23 15:25:55,507 |     INFO | AHA_Machine_Learning_051825_v3.py:488 | Propensity score model summary for pct_wfaiart_enabled_beds:
                                 Results: Logit
=================================================================================
Model:                   Logit                 Method:                MLE        
Dependent Variable:      TREATMENT             Pseudo R-squared:      0.287      
Date:                    2025-10-23 15:25      AIC:                   1779.5843  
No. Observations:        3128                  BIC:                   1864.2584  
Df Model:                13                    Log-Likelihood:        -875.79    
Df Residuals:            3114                  LL-Null:               -1228.2    
Converged:               1.0000                LLR p-value:           3.3440e-142
No. Iterations:          7.0000                Scale:                 1.0000     
---------------------------------------------------------------------------------
                               Coef.   Std.Err.    z     P>|z|   [0.025   0.975] 
---------------------------------------------------------------------------------
const                         -14.6176   0.9221 -15.8520 0.0000 -16.4249 -12.8103
log_population                  1.0605   0.0569  18.6369 0.0000   0.9490   1.1721
hospital_beds_per_capita        0.2832   0.0851   3.3274 0.0009   0.1164   0.4500
medicaid_expansion_active       0.2856   0.1542   1.8522 0.0640  -0.0166   0.5878
physical_environment_score     -0.4163   0.1763  -2.3612 0.0182  -0.7619  -0.0707
social_economic_factors_score  -0.0031   0.0199  -0.1584 0.8742  -0.0421   0.0358
census_div_2                    0.1563   0.3925   0.3983 0.6904  -0.6129   0.9256
census_div_3                   -0.5384   0.3791  -1.4203 0.1555  -1.2814   0.2046
census_div_4                    0.5033   0.3705   1.3585 0.1743  -0.2228   1.2295
census_div_5                   -0.8511   0.4431  -1.9207 0.0548  -1.7196   0.0174
census_div_6                    0.1187   0.3864   0.3072 0.7587  -0.6386   0.8760
census_div_7                   -0.0952   0.4093  -0.2326 0.8161  -0.8974   0.7070
census_div_8                    0.1017   0.3919   0.2595 0.7952  -0.6664   0.8699
census_div_9                   -0.9080   0.4227  -2.1481 0.0317  -1.7364  -0.0795
=================================================================================

2025-10-23 15:25:55,705 |     INFO | AHA_Machine_Learning_051825_v3.py:499 | Saved propensity score distribution plot to /Users/aaronjohnson/Library/CloudStorage/OneDrive-Personal/Documents/Coursera/Drexel/Dissertation/Code/Python_Code/figs_advanced/ps_dist_pct_wfaiart_enabled_beds_health_outcomes_score.png
2025-10-23 15:25:55,708 |     INFO | AHA_Machine_Learning_051825_v3.py:502 | Trimmed to common support (PS 0.01-0.99). Original N: 3128, Trimmed N: 2855
2025-10-23 15:25:55,714 |     INFO | AHA_Machine_Learning_051825_v3.py:544 | IPTW ATE for pct_wfaiart_enabled_beds: -484.1255 (SE: 53.9811), 95% CI: [-589.9713, -378.2796]
2025-10-23 15:25:55,945 |     INFO | AHA_Machine_Learning_051825_v3.py:565 | Saved SMD balance plot to /Users/aaronjohnson/Library/CloudStorage/OneDrive-Personal/Documents/Coursera/Drexel/Dissertation/Code/Python_Code/figs_advanced/smd_balance_pct_wfaiart_enabled_beds_health_outcomes_score.png
2025-10-23 15:25:56,042 |     INFO | AHA_Machine_Learning_051825_v3.py:585 | Saved ATE estimates plot to /Users/aaronjohnson/Library/CloudStorage/OneDrive-Personal/Documents/Coursera/Drexel/Dissertation/Code/Python_Code/figs_advanced/ate_estimates_pct_wfaiart_enabled_beds_health_outcomes_score.png
2025-10-23 15:25:56,043 |     INFO | AHA_Machine_Learning_051825_v3.py:602 | ✔ Causal Inference Analysis complete for pct_wfaiart_enabled_beds.
2025-10-23 15:25:56,044 |     INFO | AHA_Machine_Learning_051825_v3.py:653 | 
--- Processing Causal Analysis for Treatment: pct_wfaioacw_enabled_beds ---
2025-10-23 15:25:56,044 |     INFO | AHA_Machine_Learning_051825_v3.py:413 | 🚀 Starting Causal Inference Analysis for Treatment: 'pct_wfaioacw_enabled_beds', Outcome: 'health_outcomes_score'
2025-10-23 15:25:56,045 |     INFO | AHA_Machine_Learning_051825_v3.py:428 | Defined treatment based on 'pct_wfaioacw_enabled_beds' > median (0.00).
2025-10-23 15:25:56,045 |     INFO | AHA_Machine_Learning_051825_v3.py:438 | Treatment groups: Treated=453, Control=2675
2025-10-23 15:25:56,045 |     INFO | AHA_Machine_Learning_051825_v3.py:448 | Preparing confounders for Logit model: ['log_population', 'hospital_beds_per_capita', 'medicaid_expansion_active', 'physical_environment_score', 'social_economic_factors_score', 'census_div_2', 'census_div_3', 'census_div_4', 'census_div_5', 'census_div_6', 'census_div_7', 'census_div_8', 'census_div_9']
2025-10-23 15:25:56,048 |     INFO | AHA_Machine_Learning_051825_v3.py:460 | Confounder dtypes BEFORE sm.add_constant:
2025-10-23 15:25:56,048 |     INFO | AHA_Machine_Learning_051825_v3.py:461 |   - log_population: float64
2025-10-23 15:25:56,048 |     INFO | AHA_Machine_Learning_051825_v3.py:461 |   - hospital_beds_per_capita: float64
2025-10-23 15:25:56,048 |     INFO | AHA_Machine_Learning_051825_v3.py:461 |   - medicaid_expansion_active: float64
2025-10-23 15:25:56,049 |     INFO | AHA_Machine_Learning_051825_v3.py:461 |   - physical_environment_score: float64
2025-10-23 15:25:56,049 |     INFO | AHA_Machine_Learning_051825_v3.py:461 |   - social_economic_factors_score: float64
2025-10-23 15:25:56,049 |     INFO | AHA_Machine_Learning_051825_v3.py:461 |   - census_div_2: int64
2025-10-23 15:25:56,049 |     INFO | AHA_Machine_Learning_051825_v3.py:461 |   - census_div_3: int64
2025-10-23 15:25:56,049 |     INFO | AHA_Machine_Learning_051825_v3.py:461 |   - census_div_4: int64
2025-10-23 15:25:56,049 |     INFO | AHA_Machine_Learning_051825_v3.py:461 |   - census_div_5: int64
2025-10-23 15:25:56,049 |     INFO | AHA_Machine_Learning_051825_v3.py:461 |   - census_div_6: int64
2025-10-23 15:25:56,049 |     INFO | AHA_Machine_Learning_051825_v3.py:461 |   - census_div_7: int64
2025-10-23 15:25:56,049 |     INFO | AHA_Machine_Learning_051825_v3.py:461 |   - census_div_8: int64
2025-10-23 15:25:56,049 |     INFO | AHA_Machine_Learning_051825_v3.py:461 |   - census_div_9: int64
2025-10-23 15:25:56,052 |     INFO | AHA_Machine_Learning_051825_v3.py:465 | X_confounders_for_logit dtypes AFTER sm.add_constant (input to Logit):
2025-10-23 15:25:56,052 |     INFO | AHA_Machine_Learning_051825_v3.py:467 |   - const: float64
2025-10-23 15:25:56,052 |     INFO | AHA_Machine_Learning_051825_v3.py:467 |   - log_population: float64
2025-10-23 15:25:56,052 |     INFO | AHA_Machine_Learning_051825_v3.py:467 |   - hospital_beds_per_capita: float64
2025-10-23 15:25:56,052 |     INFO | AHA_Machine_Learning_051825_v3.py:467 |   - medicaid_expansion_active: float64
2025-10-23 15:25:56,052 |     INFO | AHA_Machine_Learning_051825_v3.py:467 |   - physical_environment_score: float64
2025-10-23 15:25:56,052 |     INFO | AHA_Machine_Learning_051825_v3.py:467 |   - social_economic_factors_score: float64
2025-10-23 15:25:56,052 |     INFO | AHA_Machine_Learning_051825_v3.py:467 |   - census_div_2: int64
2025-10-23 15:25:56,052 |     INFO | AHA_Machine_Learning_051825_v3.py:467 |   - census_div_3: int64
2025-10-23 15:25:56,052 |     INFO | AHA_Machine_Learning_051825_v3.py:467 |   - census_div_4: int64
2025-10-23 15:25:56,053 |     INFO | AHA_Machine_Learning_051825_v3.py:467 |   - census_div_5: int64
2025-10-23 15:25:56,053 |     INFO | AHA_Machine_Learning_051825_v3.py:467 |   - census_div_6: int64
2025-10-23 15:25:56,053 |     INFO | AHA_Machine_Learning_051825_v3.py:467 |   - census_div_7: int64
2025-10-23 15:25:56,053 |     INFO | AHA_Machine_Learning_051825_v3.py:467 |   - census_div_8: int64
2025-10-23 15:25:56,053 |     INFO | AHA_Machine_Learning_051825_v3.py:467 |   - census_div_9: int64
2025-10-23 15:25:56,058 |     INFO | AHA_Machine_Learning_051825_v3.py:487 | Successfully estimated propensity scores.
2025-10-23 15:25:56,076 |     INFO | AHA_Machine_Learning_051825_v3.py:488 | Propensity score model summary for pct_wfaioacw_enabled_beds:
                                 Results: Logit
=================================================================================
Model:                   Logit                 Method:                MLE        
Dependent Variable:      TREATMENT             Pseudo R-squared:      0.289      
Date:                    2025-10-23 15:25      AIC:                   1868.4020  
No. Observations:        3128                  BIC:                   1953.0761  
Df Model:                13                    Log-Likelihood:        -920.20    
Df Residuals:            3114                  LL-Null:               -1293.8    
Converged:               1.0000                LLR p-value:           2.7727e-151
No. Iterations:          7.0000                Scale:                 1.0000     
---------------------------------------------------------------------------------
                               Coef.   Std.Err.    z     P>|z|   [0.025   0.975] 
---------------------------------------------------------------------------------
const                         -14.9451   0.9113 -16.3994 0.0000 -16.7313 -13.1590
log_population                  1.0686   0.0559  19.1268 0.0000   0.9591   1.1781
hospital_beds_per_capita        0.3367   0.0816   4.1257 0.0000   0.1767   0.4966
medicaid_expansion_active       0.1765   0.1488   1.1862 0.2356  -0.1151   0.4682
physical_environment_score     -0.2184   0.1734  -1.2591 0.2080  -0.5583   0.1216
social_economic_factors_score   0.0002   0.0194   0.0086 0.9931  -0.0378   0.0382
census_div_2                    0.1034   0.3903   0.2650 0.7910  -0.6615   0.8683
census_div_3                   -0.6840   0.3760  -1.8190 0.0689  -1.4210   0.0530
census_div_4                    0.2262   0.3691   0.6127 0.5400  -0.4972   0.9495
census_div_5                   -0.8549   0.4272  -2.0010 0.0454  -1.6923  -0.0175
census_div_6                    0.0072   0.3831   0.0189 0.9849  -0.7436   0.7581
census_div_7                   -0.0054   0.4004  -0.0135 0.9892  -0.7901   0.7793
census_div_8                    0.1539   0.3879   0.3967 0.6916  -0.6063   0.9141
census_div_9                   -0.9921   0.4201  -2.3616 0.0182  -1.8154  -0.1687
=================================================================================

2025-10-23 15:25:56,280 |     INFO | AHA_Machine_Learning_051825_v3.py:499 | Saved propensity score distribution plot to /Users/aaronjohnson/Library/CloudStorage/OneDrive-Personal/Documents/Coursera/Drexel/Dissertation/Code/Python_Code/figs_advanced/ps_dist_pct_wfaioacw_enabled_beds_health_outcomes_score.png
2025-10-23 15:25:56,282 |     INFO | AHA_Machine_Learning_051825_v3.py:502 | Trimmed to common support (PS 0.01-0.99). Original N: 3128, Trimmed N: 2905
2025-10-23 15:25:56,288 |     INFO | AHA_Machine_Learning_051825_v3.py:544 | IPTW ATE for pct_wfaioacw_enabled_beds: -337.7552 (SE: 53.4155), 95% CI: [-442.4914, -233.0191]
2025-10-23 15:25:56,489 |     INFO | AHA_Machine_Learning_051825_v3.py:565 | Saved SMD balance plot to /Users/aaronjohnson/Library/CloudStorage/OneDrive-Personal/Documents/Coursera/Drexel/Dissertation/Code/Python_Code/figs_advanced/smd_balance_pct_wfaioacw_enabled_beds_health_outcomes_score.png
2025-10-23 15:25:56,597 |     INFO | AHA_Machine_Learning_051825_v3.py:585 | Saved ATE estimates plot to /Users/aaronjohnson/Library/CloudStorage/OneDrive-Personal/Documents/Coursera/Drexel/Dissertation/Code/Python_Code/figs_advanced/ate_estimates_pct_wfaioacw_enabled_beds_health_outcomes_score.png
2025-10-23 15:25:56,598 |     INFO | AHA_Machine_Learning_051825_v3.py:602 | ✔ Causal Inference Analysis complete for pct_wfaioacw_enabled_beds.
2025-10-23 15:25:56,598 |     INFO | AHA_Machine_Learning_051825_v3.py:653 | 
--- Processing Causal Analysis for Treatment: pct_robohos_enabled_beds ---
2025-10-23 15:25:56,598 |     INFO | AHA_Machine_Learning_051825_v3.py:413 | 🚀 Starting Causal Inference Analysis for Treatment: 'pct_robohos_enabled_beds', Outcome: 'health_outcomes_score'
2025-10-23 15:25:56,599 |     INFO | AHA_Machine_Learning_051825_v3.py:428 | Defined treatment based on 'pct_robohos_enabled_beds' > median (0.00).
2025-10-23 15:25:56,599 |     INFO | AHA_Machine_Learning_051825_v3.py:438 | Treatment groups: Treated=775, Control=2353
2025-10-23 15:25:56,599 |     INFO | AHA_Machine_Learning_051825_v3.py:448 | Preparing confounders for Logit model: ['log_population', 'hospital_beds_per_capita', 'medicaid_expansion_active', 'physical_environment_score', 'social_economic_factors_score', 'census_div_2', 'census_div_3', 'census_div_4', 'census_div_5', 'census_div_6', 'census_div_7', 'census_div_8', 'census_div_9']
2025-10-23 15:25:56,601 |     INFO | AHA_Machine_Learning_051825_v3.py:460 | Confounder dtypes BEFORE sm.add_constant:
2025-10-23 15:25:56,601 |     INFO | AHA_Machine_Learning_051825_v3.py:461 |   - log_population: float64
2025-10-23 15:25:56,601 |     INFO | AHA_Machine_Learning_051825_v3.py:461 |   - hospital_beds_per_capita: float64
2025-10-23 15:25:56,601 |     INFO | AHA_Machine_Learning_051825_v3.py:461 |   - medicaid_expansion_active: float64
2025-10-23 15:25:56,602 |     INFO | AHA_Machine_Learning_051825_v3.py:461 |   - physical_environment_score: float64
2025-10-23 15:25:56,602 |     INFO | AHA_Machine_Learning_051825_v3.py:461 |   - social_economic_factors_score: float64
2025-10-23 15:25:56,602 |     INFO | AHA_Machine_Learning_051825_v3.py:461 |   - census_div_2: int64
2025-10-23 15:25:56,602 |     INFO | AHA_Machine_Learning_051825_v3.py:461 |   - census_div_3: int64
2025-10-23 15:25:56,602 |     INFO | AHA_Machine_Learning_051825_v3.py:461 |   - census_div_4: int64
2025-10-23 15:25:56,602 |     INFO | AHA_Machine_Learning_051825_v3.py:461 |   - census_div_5: int64
2025-10-23 15:25:56,602 |     INFO | AHA_Machine_Learning_051825_v3.py:461 |   - census_div_6: int64
2025-10-23 15:25:56,602 |     INFO | AHA_Machine_Learning_051825_v3.py:461 |   - census_div_7: int64
2025-10-23 15:25:56,602 |     INFO | AHA_Machine_Learning_051825_v3.py:461 |   - census_div_8: int64
2025-10-23 15:25:56,602 |     INFO | AHA_Machine_Learning_051825_v3.py:461 |   - census_div_9: int64
2025-10-23 15:25:56,604 |     INFO | AHA_Machine_Learning_051825_v3.py:465 | X_confounders_for_logit dtypes AFTER sm.add_constant (input to Logit):
2025-10-23 15:25:56,604 |     INFO | AHA_Machine_Learning_051825_v3.py:467 |   - const: float64
2025-10-23 15:25:56,604 |     INFO | AHA_Machine_Learning_051825_v3.py:467 |   - log_population: float64
2025-10-23 15:25:56,604 |     INFO | AHA_Machine_Learning_051825_v3.py:467 |   - hospital_beds_per_capita: float64
2025-10-23 15:25:56,604 |     INFO | AHA_Machine_Learning_051825_v3.py:467 |   - medicaid_expansion_active: float64
2025-10-23 15:25:56,604 |     INFO | AHA_Machine_Learning_051825_v3.py:467 |   - physical_environment_score: float64
2025-10-23 15:25:56,604 |     INFO | AHA_Machine_Learning_051825_v3.py:467 |   - social_economic_factors_score: float64
2025-10-23 15:25:56,604 |     INFO | AHA_Machine_Learning_051825_v3.py:467 |   - census_div_2: int64
2025-10-23 15:25:56,604 |     INFO | AHA_Machine_Learning_051825_v3.py:467 |   - census_div_3: int64
2025-10-23 15:25:56,604 |     INFO | AHA_Machine_Learning_051825_v3.py:467 |   - census_div_4: int64
2025-10-23 15:25:56,604 |     INFO | AHA_Machine_Learning_051825_v3.py:467 |   - census_div_5: int64
2025-10-23 15:25:56,604 |     INFO | AHA_Machine_Learning_051825_v3.py:467 |   - census_div_6: int64
2025-10-23 15:25:56,604 |     INFO | AHA_Machine_Learning_051825_v3.py:467 |   - census_div_7: int64
2025-10-23 15:25:56,604 |     INFO | AHA_Machine_Learning_051825_v3.py:467 |   - census_div_8: int64
2025-10-23 15:25:56,605 |     INFO | AHA_Machine_Learning_051825_v3.py:467 |   - census_div_9: int64
2025-10-23 15:25:56,609 |     INFO | AHA_Machine_Learning_051825_v3.py:487 | Successfully estimated propensity scores.
2025-10-23 15:25:56,623 |     INFO | AHA_Machine_Learning_051825_v3.py:488 | Propensity score model summary for pct_robohos_enabled_beds:
                                 Results: Logit
=================================================================================
Model:                     Logit                 Method:                MLE      
Dependent Variable:        TREATMENT             Pseudo R-squared:      0.456    
Date:                      2025-10-23 15:25      AIC:                   1932.5041
No. Observations:          3128                  BIC:                   2017.1782
Df Model:                  13                    Log-Likelihood:        -952.25  
Df Residuals:              3114                  LL-Null:               -1751.3  
Converged:                 1.0000                LLR p-value:           0.0000   
No. Iterations:            8.0000                Scale:                 1.0000   
---------------------------------------------------------------------------------
                               Coef.   Std.Err.    z     P>|z|   [0.025   0.975] 
---------------------------------------------------------------------------------
const                         -23.0881   1.1151 -20.7054 0.0000 -25.2736 -20.9026
log_population                  1.7440   0.0725  24.0554 0.0000   1.6019   1.8860
hospital_beds_per_capita        0.6449   0.0899   7.1748 0.0000   0.4687   0.8211
medicaid_expansion_active       0.2253   0.1396   1.6133 0.1067  -0.0484   0.4989
physical_environment_score     -0.1620   0.1792  -0.9043 0.3658  -0.5131   0.1891
social_economic_factors_score  -0.0516   0.0196  -2.6348 0.0084  -0.0900  -0.0132
census_div_2                   -0.2231   0.4422  -0.5044 0.6140  -1.0898   0.6436
census_div_3                    0.3636   0.4126   0.8814 0.3781  -0.4450   1.1722
census_div_4                    0.8022   0.4118   1.9482 0.0514  -0.0048   1.6093
census_div_5                    0.2655   0.4410   0.6021 0.5471  -0.5988   1.1298
census_div_6                    1.3284   0.4186   3.1738 0.0015   0.5081   2.1488
census_div_7                    0.7802   0.4393   1.7760 0.0757  -0.0808   1.6411
census_div_8                    1.2569   0.4309   2.9172 0.0035   0.4124   2.1014
census_div_9                    0.6097   0.4549   1.3402 0.1802  -0.2819   1.5012
=================================================================================

2025-10-23 15:25:56,737 |     INFO | AHA_Machine_Learning_051825_v3.py:499 | Saved propensity score distribution plot to /Users/aaronjohnson/Library/CloudStorage/OneDrive-Personal/Documents/Coursera/Drexel/Dissertation/Code/Python_Code/figs_advanced/ps_dist_pct_robohos_enabled_beds_health_outcomes_score.png
2025-10-23 15:25:56,738 |     INFO | AHA_Machine_Learning_051825_v3.py:502 | Trimmed to common support (PS 0.01-0.99). Original N: 3128, Trimmed N: 2708
2025-10-23 15:25:56,741 |     INFO | AHA_Machine_Learning_051825_v3.py:544 | IPTW ATE for pct_robohos_enabled_beds: -307.1604 (SE: 59.9161), 95% CI: [-424.6464, -189.6744]
2025-10-23 15:25:56,898 |     INFO | AHA_Machine_Learning_051825_v3.py:565 | Saved SMD balance plot to /Users/aaronjohnson/Library/CloudStorage/OneDrive-Personal/Documents/Coursera/Drexel/Dissertation/Code/Python_Code/figs_advanced/smd_balance_pct_robohos_enabled_beds_health_outcomes_score.png
2025-10-23 15:25:56,982 |     INFO | AHA_Machine_Learning_051825_v3.py:585 | Saved ATE estimates plot to /Users/aaronjohnson/Library/CloudStorage/OneDrive-Personal/Documents/Coursera/Drexel/Dissertation/Code/Python_Code/figs_advanced/ate_estimates_pct_robohos_enabled_beds_health_outcomes_score.png
2025-10-23 15:25:56,982 |     INFO | AHA_Machine_Learning_051825_v3.py:602 | ✔ Causal Inference Analysis complete for pct_robohos_enabled_beds.
2025-10-23 15:25:56,984 |     INFO | AHA_Machine_Learning_051825_v3.py:683 | ✔ Saved all looped causal inference summaries to /Users/aaronjohnson/Library/CloudStorage/OneDrive-Personal/Documents/Coursera/Drexel/Dissertation/Code/Python_Code/output_advanced/looped_causal_results_outcome_health_outcomes_score.csv
2025-10-23 15:25:56,984 |     INFO | AHA_Machine_Learning_051825_v3.py:688 | ===== Analysis Complete. Outputs are in logs/, figs_advanced/, output_advanced/ =====
